<?xml version="1.0" encoding="UTF-8" ?>
<testsuite errors="0" failures="0" hostname="ZC161" name="com.zircon.pharmacyApplicationTest.Prescription.AllPrescriptionTests" skipped="0" tests="25" time="0.158" timestamp="2018-12-12T11:47:35">
  <properties>
    <property name="file.encoding.pkg" value="sun.io" />
    <property name="org.osgi.framework.executionenvironment" value="OSGi/Minimum-1.0,OSGi/Minimum-1.1,OSGi/Minimum-1.2,JavaSE/compact1-1.8,JavaSE/compact2-1.8,JavaSE/compact3-1.8,JRE-1.1,J2SE-1.2,J2SE-1.3,J2SE-1.4,J2SE-1.5,JavaSE-1.6,JavaSE-1.7,JavaSE-1.8" />
    <property name="osgi.framework" value="file:/C:/Users/spencer.robertson/.p2/pool/plugins/org.eclipse.osgi_3.13.100.v20180827-1536.jar" />
    <property name="java.home" value="C:\Program Files\Java\jre1.8.0_181" />
    <property name="eclipse.application" value="org.eclipse.ui.ide.workbench" />
    <property name="org.eclipse.debug.ui.breakpoints.toggleFactoriesUsed" value="false" />
    <property name="java.endorsed.dirs" value="C:\Program Files\Java\jre1.8.0_181\lib\endorsed" />
    <property name="env.USERNAME" value="spencer.robertson" />
    <property name="debuglevel" value="source,lines,vars" />
    <property name="ECLIPSE_HOME" value="../../../eclipse/java-2018-09/eclipse/" />
    <property name="sun.os.patch.level" value="" />
    <property name="java.vendor.url" value="http://java.oracle.com/" />
    <property name="env.COMPUTERNAME" value="ZC161" />
    <property name="env.ProgramFiles(x86)" value="C:\Program Files (x86)" />
    <property name="java.version" value="1.8.0_181" />
    <property name="eclipse.pdebuild.home" value="C:\Users\spencer.robertson\eclipse\java-2018-09\eclipse\..\..\..\.p2\pool\plugins\org.eclipse.pde.build_3.10.100.v20180828-1915\." />
    <property name="osgi.requiredJavaVersion" value="1.8" />
    <property name="osgi.compatibility.bootdelegation.default" value="true" />
    <property name="ant.file.pharmacyApplication" value="C:\Users\spencer.robertson\Documents\Projects\pharmacy\build.xml" />
    <property name="env.ATLAS_HOME" value="C:\Applications\Atlassian\atlassian-plugin-sdk-6.3.12" />
    <property name="osgi.os" value="win32" />
    <property name="osgi.compatibility.bootdelegation" value="true" />
    <property name="org.eclipse.equinox.simpleconfigurator.configUrl" value="file:org.eclipse.equinox.simpleconfigurator/bundles.info" />
    <property name="org.osgi.framework.uuid" value="dc0d8b51-bbb4-44e6-b794-237db02a43b3" />
    <property name="env.FPS_BROWSER_APP_PROFILE_STRING" value="Internet Explorer" />
    <property name="osgi.splashPath" value="file:/C:/Users/spencer.robertson/.p2/pool/plugins/org.eclipse.platform_4.9.0.v20180906-0745" />
    <property name="java.vendor.url.bug" value="http://bugreport.sun.com/bugreport/" />
    <property name="env.USERPROFILE" value="C:\Users\spencer.robertson" />
    <property name="ant.project.invoked-targets" value="build,AllPrescriptionTests,junitreport" />
    <property name="env.SystemRoot" value="C:\windows" />
    <property name="user.name" value="spencer.robertson" />
    <property name="org.osgi.framework.version" value="1.9.0" />
    <property name="sun.io.unicode.encoding" value="UnicodeLittle" />
    <property name="org.osgi.framework.system.packages" value="java.applet,java.awt,java.awt.color,java.awt.datatransfer,java.awt.dnd,java.awt.event,java.awt.font,java.awt.geom,java.awt.im,java.awt.im.spi,java.awt.image,java.awt.image.renderable,java.awt.print,java.beans,java.beans.beancontext,java.io,java.lang,java.lang.annotation,java.lang.instrument,java.lang.invoke,java.lang.management,java.lang.ref,java.lang.reflect,java.math,java.net,java.nio,java.nio.channels,java.nio.channels.spi,java.nio.charset,java.nio.charset.spi,java.nio.file,java.nio.file.attribute,java.nio.file.spi,java.rmi,java.rmi.activation,java.rmi.dgc,java.rmi.registry,java.rmi.server,java.security,java.security.acl,java.security.cert,java.security.interfaces,java.security.spec,java.sql,java.text,java.text.spi,java.time,java.time.chrono,java.time.format,java.time.temporal,java.time.zone,java.util,java.util.concurrent,java.util.concurrent.atomic,java.util.concurrent.locks,java.util.function,java.util.jar,java.util.logging,java.util.prefs,java.util.regex,java.util.spi,java.util.stream,java.util.zip,javax.accessibility,javax.activation,javax.activity,javax.annotation,javax.annotation.processing,javax.crypto,javax.crypto.interfaces,javax.crypto.spec,javax.imageio,javax.imageio.event,javax.imageio.metadata,javax.imageio.plugins.bmp,javax.imageio.plugins.jpeg,javax.imageio.spi,javax.imageio.stream,javax.jws,javax.jws.soap,javax.lang.model,javax.lang.model.element,javax.lang.model.type,javax.lang.model.util,javax.management,javax.management.loading,javax.management.modelmbean,javax.management.monitor,javax.management.openmbean,javax.management.relation,javax.management.remote,javax.management.remote.rmi,javax.management.timer,javax.naming,javax.naming.directory,javax.naming.event,javax.naming.ldap,javax.naming.spi,javax.net,javax.net.ssl,javax.print,javax.print.attribute,javax.print.attribute.standard,javax.print.event,javax.rmi,javax.rmi.CORBA,javax.rmi.ssl,javax.script,javax.security.auth,javax.security.auth.callback,javax.security.auth.kerberos,javax.security.auth.login,javax.security.auth.spi,javax.security.auth.x500,javax.security.cert,javax.security.sasl,javax.sound.midi,javax.sound.midi.spi,javax.sound.sampled,javax.sound.sampled.spi,javax.sql,javax.sql.rowset,javax.sql.rowset.serial,javax.sql.rowset.spi,javax.swing,javax.swing.border,javax.swing.colorchooser,javax.swing.event,javax.swing.filechooser,javax.swing.plaf,javax.swing.plaf.basic,javax.swing.plaf.metal,javax.swing.plaf.multi,javax.swing.plaf.nimbus,javax.swing.plaf.synth,javax.swing.table,javax.swing.text,javax.swing.text.html,javax.swing.text.html.parser,javax.swing.text.rtf,javax.swing.tree,javax.swing.undo,javax.tools,javax.transaction,javax.transaction.xa,javax.xml,javax.xml.bind,javax.xml.bind.annotation,javax.xml.bind.annotation.adapters,javax.xml.bind.attachment,javax.xml.bind.helpers,javax.xml.bind.util,javax.xml.crypto,javax.xml.crypto.dom,javax.xml.crypto.dsig,javax.xml.crypto.dsig.dom,javax.xml.crypto.dsig.keyinfo,javax.xml.crypto.dsig.spec,javax.xml.datatype,javax.xml.namespace,javax.xml.parsers,javax.xml.soap,javax.xml.stream,javax.xml.stream.events,javax.xml.stream.util,javax.xml.transform,javax.xml.transform.dom,javax.xml.transform.sax,javax.xml.transform.stax,javax.xml.transform.stream,javax.xml.validation,javax.xml.ws,javax.xml.ws.handler,javax.xml.ws.handler.soap,javax.xml.ws.http,javax.xml.ws.soap,javax.xml.ws.spi,javax.xml.ws.spi.http,javax.xml.ws.wsaddressing,javax.xml.xpath,org.ietf.jgss,org.omg.CORBA,org.omg.CORBA_2_3,org.omg.CORBA_2_3.portable,org.omg.CORBA.DynAnyPackage,org.omg.CORBA.ORBPackage,org.omg.CORBA.portable,org.omg.CORBA.TypeCodePackage,org.omg.CosNaming,org.omg.CosNaming.NamingContextExtPackage,org.omg.CosNaming.NamingContextPackage,org.omg.Dynamic,org.omg.DynamicAny,org.omg.DynamicAny.DynAnyFactoryPackage,org.omg.DynamicAny.DynAnyPackage,org.omg.IOP,org.omg.IOP.CodecFactoryPackage,org.omg.IOP.CodecPackage,org.omg.Messaging,org.omg.PortableInterceptor,org.omg.PortableInterceptor.ORBInitInfoPackage,org.omg.PortableServer,org.omg.PortableServer.CurrentPackage,org.omg.PortableServer.POAManagerPackage,org.omg.PortableServer.POAPackage,org.omg.PortableServer.portable,org.omg.PortableServer.ServantLocatorPackage,org.omg.SendingContext,org.omg.stub.java.rmi,org.w3c.dom,org.w3c.dom.bootstrap,org.w3c.dom.css,org.w3c.dom.events,org.w3c.dom.html,org.w3c.dom.ls,org.w3c.dom.ranges,org.w3c.dom.stylesheets,org.w3c.dom.traversal,org.w3c.dom.views,org.w3c.dom.xpath,org.xml.sax,org.xml.sax.ext,org.xml.sax.helpers" />
    <property name="sun.jnu.encoding" value="Cp1252" />
    <property name="java.runtime.name" value="Java(TM) SE Runtime Environment" />
    <property name="env.LOCALAPPDATA" value="C:\Users\spencer.robertson\AppData\Local" />
    <property name="applicationXMI" value="org.eclipse.ui.workbench/LegacyIDE.e4xmi" />
    <property name="env.VS140COMNTOOLS" value="C:\Program Files (x86)\Microsoft Visual Studio 14.0\Common7\Tools\" />
    <property name="osgi.instance.area.default" value="file:/C:/Users/spencer.robertson/eclipse-workspace/" />
    <property name="eclipse.launcher.name" value="Eclipse" />
    <property name="eclipse.product" value="org.eclipse.epp.package.java.product" />
    <property name="java.specification.name" value="Java Platform API Specification" />
    <property name="org.osgi.supports.framework.fragment" value="true" />
    <property name="osgi.framework.useSystemProperties" value="true" />
    <property name="user.timezone" value="" />
    <property name="org.osgi.framework.system.capabilities" value="osgi.ee; osgi.ee=&quot;OSGi/Minimum&quot;; version:List&lt;Version&gt;=&quot;1.0, 1.1, 1.2&quot;,osgi.ee; osgi.ee=&quot;JRE&quot;; version:List&lt;Version&gt;=&quot;1.0, 1.1&quot;,osgi.ee; osgi.ee=&quot;JavaSE&quot;; version:List&lt;Version&gt;=&quot;1.0, 1.1, 1.2, 1.3, 1.4, 1.5, 1.6, 1.7, 1.8&quot;,osgi.ee; osgi.ee=&quot;JavaSE/compact1&quot;; version:List&lt;Version&gt;=&quot;1.8&quot;,osgi.ee; osgi.ee=&quot;JavaSE/compact2&quot;; version:List&lt;Version&gt;=&quot;1.8&quot;,osgi.ee; osgi.ee=&quot;JavaSE/compact3&quot;; version:List&lt;Version&gt;=&quot;1.8&quot;" />
    <property name="osgi.nl" value="en_GB" />
    <property name="user.script" value="" />
    <property name="path.separator" value=";" />
    <property name="env.PROCESSOR_IDENTIFIER" value="Intel64 Family 6 Model 158 Stepping 10, GenuineIntel" />
    <property name="ds.delayed.keepInstances" value="true" />
    <property name="file.encoding" value="Cp1252" />
    <property name="osgi.arch" value="x86_64" />
    <property name="ant.project.default-target" value="build" />
    <property name="sun.java.command" value="org.apache.tools.ant.taskdefs.optional.junit.JUnitTestRunner com.zircon.pharmacyApplicationTest.Prescription.AllPrescriptionTests skipNonTests=false filtertrace=true haltOnError=false haltOnFailure=false formatter=org.apache.tools.ant.taskdefs.optional.junit.OutErrSummaryJUnitResultFormatter showoutput=false outputtoformatters=true logfailedtests=true threadid=0 logtestlistenerevents=false formatter=org.apache.tools.ant.taskdefs.optional.junit.XMLJUnitResultFormatter,C:\Users\spencer.robertson\Documents\Projects\pharmacy\junit\TEST-com.zircon.pharmacyApplicationTest.Prescription.AllPrescriptionTests.xml crashfile=C:\Users\spencer.robertson\Documents\Projects\pharmacy\junitvmwatcher4624147405051093976.properties propsfile=C:\Users\spencer.robertson\Documents\Projects\pharmacy\junit5140251638993128818.properties" />
    <property name="env.NUMBER_OF_PROCESSORS" value="12" />
    <property name="env.APPDATA" value="C:\Users\spencer.robertson\AppData\Roaming" />
    <property name="ant.file" value="C:\Users\spencer.robertson\Documents\Projects\pharmacy\build.xml" />
    <property name="org.osgi.supports.framework.requirebundle" value="true" />
    <property name="env.LIBTHAI_DICTDIR" value="C:\Program Files\GIMP 2\share\libthai" />
    <property name="osgi.bundles.defaultStartLevel" value="4" />
    <property name="osgi.bundles" value="reference:file:org.eclipse.osgi.compatibility.state_1.1.200.v20180827-1536.jar,reference:file:org.eclipse.equinox.simpleconfigurator_1.3.100.v20180827-1122.jar@1:start" />
    <property name="java.io.tmpdir" value="C:\Users\SPENCE~1.ROB\AppData\Local\Temp\" />
    <property name="org.osgi.framework.os.name" value="Windows10" />
    <property name="equinox.use.ds" value="true" />
    <property name="user.language" value="en" />
    <property name="env.SystemDrive" value="C:" />
    <property name="line.separator" value="&#xd;&#xa;" />
    <property name="target" value="1.8" />
    <property name="org.eclipse.swt.internal.deviceZoom" value="100" />
    <property name="env.ExtraPuTTY_BOXSIZE" value="AUTO" />
    <property name="org.osgi.framework.processor" value="x86-64" />
    <property name="java.vm.info" value="mixed mode" />
    <property name="source" value="1.8" />
    <property name="osgi.splashLocation" value="C:\Users\spencer.robertson\.p2\pool\plugins\org.eclipse.platform_4.9.0.v20180906-0745\splash.bmp" />
    <property name="sun.desktop" value="windows" />
    <property name="java.vm.specification.name" value="Java Virtual Machine Specification" />
    <property name="env.PATHEXT" value=".COM;.EXE;.BAT;.CMD;.VBS;.VBE;.JS;.JSE;.WSF;.WSH;.MSC" />
    <property name="env.USERDOMAIN_ROAMINGPROFILE" value="ZIRCONHQ" />
    <property name="eclipse.vm" value="C:\Program Files\Java\jre1.8.0_181\bin\server\jvm.dll" />
    <property name="ant.file.type.pharmacyApplication" value="file" />
    <property name="env.LOGONSERVER" value="\\SERVER" />
    <property name="eclipse.pdebuild.templates" value="C:\Users\spencer.robertson\eclipse\java-2018-09\eclipse\..\..\..\.p2\pool\plugins\org.eclipse.pde.build_3.10.100.v20180828-1915\templates" />
    <property name="osgi.configuration.area" value="file:/C:/Users/spencer.robertson/eclipse/java-2018-09/eclipse/configuration/" />
    <property name="java.awt.printerjob" value="sun.awt.windows.WPrinterJob" />
    <property name="env.PUBLIC" value="C:\Users\Public" />
    <property name="ant.version" value="Apache Ant(TM) version 1.10.5 compiled on July 10 2018" />
    <property name="env.USERDOMAIN" value="ZIRCONHQ" />
    <property name="org.osgi.framework.storage" value="C:\Users\spencer.robertson\eclipse\java-2018-09\eclipse\configuration" />
    <property name="osgi.ws" value="win32" />
    <property name="env.VBOX_MSI_INSTALL_PATH" value="C:\Program Files\Oracle\VirtualBox\" />
    <property name="env.PROCESSOR_LEVEL" value="6" />
    <property name="equinox.init.uuid" value="true" />
    <property name="org.osgi.supports.framework.extension" value="true" />
    <property name="eclipse.p2.data.area" value="file:/C:/Users/spencer.robertson/.p2/" />
    <property name="osgi.framework.extensions" value="reference:file:org.eclipse.osgi.compatibility.state_1.1.200.v20180827-1536.jar" />
    <property name="env.windir" value="C:\windows" />
    <property name="gosh.args" value="--nointeractive" />
    <property name="env.CommonProgramFiles(x86)" value="C:\Program Files (x86)\Common Files" />
    <property name="org.osgi.framework.language" value="en" />
    <property name="os.name" value="Windows 10" />
    <property name="eclipse.home.location" value="file:/C:/Users/spencer.robertson/eclipse/java-2018-09/eclipse/" />
    <property name="java.specification.vendor" value="Oracle Corporation" />
    <property name="eclipse.vmargs" value="-Dosgi.requiredJavaVersion=1.8&#xa;-Dosgi.instance.area.default=@user.home/eclipse-workspace&#xa;-XX:+UseG1GC&#xa;-XX:+UseStringDeduplication&#xa;-Dosgi.requiredJavaVersion=1.8&#xa;-Dosgi.dataAreaRequiresExplicitInit=true&#xa;-Xms256m&#xa;-Xmx1024m&#xa;-Declipse.p2.max.threads=10&#xa;-Doomph.update.url=http://download.eclipse.org/oomph/updates/milestone/latest&#xa;-Doomph.redirection.index.redirection=index:/-&gt;http://git.eclipse.org/c/oomph/org.eclipse.oomph.git/plain/setups/&#xa;-Djava.class.path=C:\Users\spencer.robertson\eclipse\java-2018-09\eclipse\\plugins/org.eclipse.equinox.launcher_1.5.100.v20180827-1352.jar&#xa;" />
    <property name="env.TMP" value="C:\Users\SPENCE~1.ROB\AppData\Local\Temp" />
    <property name="env.ExtraPuTTY" value="C:\Program Files\ExtraPuTTY\Bin" />
    <property name="java.vm.name" value="Java HotSpot(TM) 64-Bit Server VM" />
    <property name="env.ProgramData" value="C:\ProgramData" />
    <property name="env.OS" value="Windows_NT" />
    <property name="eclipse.buildId" value="4.9.0.I20180906-0745" />
    <property name="java.library.path" value="C:\Program Files\Java\jre1.8.0_181\bin;C:\windows\Sun\Java\bin;C:\windows\system32;C:\windows;C:/Program Files/Java/jre1.8.0_181/bin/server;C:/Program Files/Java/jre1.8.0_181/bin;C:/Program Files/Java/jre1.8.0_181/lib/amd64;C:\Program Files (x86)\Common Files\Oracle\Java\javapath;C:\windows\system32;C:\windows;C:\windows\System32\Wbem;C:\windows\System32\WindowsPowerShell\v1.0\;C:\windows\System32\OpenSSH\;C:\Program Files (x86)\NVIDIA Corporation\PhysX\Common;C:\Program Files\Microsoft SQL Server\130\Tools\Binn\;C:\Program Files\Microsoft\Web Platform Installer\;C:\Program Files\Git\cmd;C:\Program Files (x86)\Windows Kits\8.1\Windows Performance Toolkit\;C:\Program Files\MySQL\MySQL Server 8.0\bin;C:\Program Files\nodejs\;C:\Users\spencer.robertson\AppData\Local\Microsoft\WindowsApps;C:\Users\spencer.robertson\AppData\Local\Programs\Python\Python36;C:\Users\spencer.robertson\AppData\Local\Programs\Python\Python36\Scripts;C:\Users\spencer.robertson\Documents\Projects\p4_testing;C:\Applications\Atlassian\atlassian-plugin-sdk-6.3.12\bin;C:\Program Files\Java\jdk1.8.0_181\bin;C:\Users\spencer.robertson\AppData\Roaming\npm;C:\Users\spencer.robertson\AppData\Local\atom\bin;C:\Users\spencer.robertson\Desktop\;;C:\Users\spencer.robertson\eclipse\java-2018-09\eclipse;;." />
    <property name="eclipse.pdebuild.scripts" value="C:\Users\spencer.robertson\eclipse\java-2018-09\eclipse\..\..\..\.p2\pool\plugins\org.eclipse.pde.build_3.10.100.v20180828-1915\scripts" />
    <property name="ant.java.version" value="1.8" />
    <property name="eclipse.commands" value="-os&#xa;win32&#xa;-ws&#xa;win32&#xa;-arch&#xa;x86_64&#xa;-showsplash&#xa;-launcher&#xa;C:\Users\spencer.robertson\eclipse\java-2018-09\eclipse\eclipse.exe&#xa;-name&#xa;Eclipse&#xa;--launcher.library&#xa;C:\Users\spencer.robertson\.p2\pool\plugins\org.eclipse.equinox.launcher.win32.win32.x86_64_1.1.800.v20180827-1352\eclipse_1705.dll&#xa;-startup&#xa;C:\Users\spencer.robertson\eclipse\java-2018-09\eclipse\\plugins/org.eclipse.equinox.launcher_1.5.100.v20180827-1352.jar&#xa;--launcher.appendVmargs&#xa;-product&#xa;org.eclipse.epp.package.java.product&#xa;-vm&#xa;C:\Program Files\Java\jre1.8.0_181\bin\server\jvm.dll&#xa;" />
    <property name="basedir" value="C:\Users\spencer.robertson\Documents\Projects\pharmacy" />
    <property name="java.class.version" value="52.0" />
    <property name="osgi.syspath" value="c:\Users\spencer.robertson\.p2\pool\plugins" />
    <property name="ant.home" value="C:\Users\spencer.robertson\.p2\pool\plugins\org.apache.ant_1.10.5.v20180808-0324" />
    <property name="env.Path" value="C:/Program Files/Java/jre1.8.0_181/bin/server;C:/Program Files/Java/jre1.8.0_181/bin;C:/Program Files/Java/jre1.8.0_181/lib/amd64;C:\Program Files (x86)\Common Files\Oracle\Java\javapath;C:\windows\system32;C:\windows;C:\windows\System32\Wbem;C:\windows\System32\WindowsPowerShell\v1.0\;C:\windows\System32\OpenSSH\;C:\Program Files (x86)\NVIDIA Corporation\PhysX\Common;C:\Program Files\Microsoft SQL Server\130\Tools\Binn\;C:\Program Files\Microsoft\Web Platform Installer\;C:\Program Files\Git\cmd;C:\Program Files (x86)\Windows Kits\8.1\Windows Performance Toolkit\;C:\Program Files\MySQL\MySQL Server 8.0\bin;C:\Program Files\nodejs\;C:\Users\spencer.robertson\AppData\Local\Microsoft\WindowsApps;C:\Users\spencer.robertson\AppData\Local\Programs\Python\Python36;C:\Users\spencer.robertson\AppData\Local\Programs\Python\Python36\Scripts;C:\Users\spencer.robertson\Documents\Projects\p4_testing;C:\Applications\Atlassian\atlassian-plugin-sdk-6.3.12\bin;C:\Program Files\Java\jdk1.8.0_181\bin;C:\Users\spencer.robertson\AppData\Roaming\npm;C:\Users\spencer.robertson\AppData\Local\atom\bin;C:\Users\spencer.robertson\Desktop\;;C:\Users\spencer.robertson\eclipse\java-2018-09\eclipse;" />
    <property name="org.eclipse.equinox.launcher.splash.location" value="C:\Users\spencer.robertson\.p2\pool\plugins\org.eclipse.platform_4.9.0.v20180906-0745\splash.bmp" />
    <property name="env.HOMEDRIVE" value="C:" />
    <property name="osgi.instance.area" value="file:/C:/Users/spencer.robertson/eclipse-workspace/" />
    <property name="osgi.install.area" value="file:/C:/Users/spencer.robertson/eclipse/java-2018-09/eclipse/" />
    <property name="env.MYSQLCONNECTOR_ASSEMBLIESPATH" value="C:\Program Files (x86)\MySQL\Connector NET 8.0\Assemblies\v4.5.2" />
    <property name="sun.boot.library.path" value="C:\Program Files\Java\jre1.8.0_181\bin" />
    <property name="env.PROCESSOR_REVISION" value="9e0a" />
    <property name="sun.management.compiler" value="HotSpot 64-Bit Tiered Compilers" />
    <property name="java.awt.graphicsenv" value="sun.awt.Win32GraphicsEnvironment" />
    <property name="user.variant" value="" />
    <property name="eclipse.stateSaveDelayInterval" value="30000" />
    <property name="ant.project.name" value="pharmacyApplication" />
    <property name="java.vm.specification.version" value="1.8" />
    <property name="eclipse.running" value="true" />
    <property name="awt.toolkit" value="sun.awt.windows.WToolkit" />
    <property name="sun.cpu.isalist" value="amd64" />
    <property name="java.ext.dirs" value="C:\Program Files\Java\jre1.8.0_181\lib\ext;C:\windows\Sun\Java\lib\ext" />
    <property name="os.version" value="10.0" />
    <property name="eclipse.launcher" value="C:\Users\spencer.robertson\eclipse\java-2018-09\eclipse\eclipse.exe" />
    <property name="user.home" value="C:\Users\spencer.robertson" />
    <property name="java.vm.vendor" value="Oracle Corporation" />
    <property name="env.DriverData" value="C:\Windows\System32\Drivers\DriverData" />
    <property name="env.CommonProgramW6432" value="C:\Program Files\Common Files" />
    <property name="org.apache.commons.logging.Log" value="org.apache.commons.logging.impl.NoOpLog" />
    <property name="env.ProgramW6432" value="C:\Program Files" />
    <property name="env.JAVA_HOME" value="C:\Program Files\Java\jdk1.8.0_181" />
    <property name="env.USERDNSDOMAIN" value="ZIRCONHQ.LOCAL" />
    <property name="junit.output.dir" value="junit" />
    <property name="user.dir" value="C:\Users\spencer.robertson\eclipse\java-2018-09\eclipse" />
    <property name="oomph.redirection.index.redirection" value="index:/-&gt;http://git.eclipse.org/c/oomph/org.eclipse.oomph.git/plain/setups/" />
    <property name="osgi.framework.shape" value="jar" />
    <property name="org.osgi.framework.os.version" value="10.0.0" />
    <property name="eclipse.home" value="C:\Users\spencer.robertson\eclipse\java-2018-09\eclipse" />
    <property name="sun.cpu.endian" value="little" />
    <property name="env.ALLUSERSPROFILE" value="C:\ProgramData" />
    <property name="osgi.dataAreaRequiresExplicitInit" value="true" />
    <property name="eclipse.startTime" value="1544614272763" />
    <property name="env.PROCESSOR_ARCHITECTURE" value="AMD64" />
    <property name="java.vm.version" value="25.181-b13" />
    <property name="env.HOMEPATH" value="\Users\spencer.robertson" />
    <property name="env.=::" value="::\" />
    <property name="java.class.path" value="C:\Users\spencer.robertson\Documents\Projects\pharmacy\bin;C:\Users\spencer.robertson\Documents\Projects\pharmacy\lib\mysql-connector-java-8.0.13.jar;C:\Users\spencer.robertson\Documents\Projects\pharmacy\lib\easymock-4.0.1.jar;C:\Users\spencer.robertson\Documents\Projects\pharmacy\lib\sikulixsetup-1.1.3.jar;C:\Users\spencer.robertson\Documents\Projects\pharmacy\lib\sikulixapi.jar;C:\Users\spencer.robertson\Documents\Projects\pharmacy\lib\objenesis-2.0.jar;C:\Users\spencer.robertson\.p2\pool\plugins\org.junit_4.12.0.v201504281640\junit.jar;C:\Users\spencer.robertson\.p2\pool\plugins\org.hamcrest.core_1.3.0.v20180420-1519.jar;C:\Users\spencer.robertson\.p2\pool\plugins\org.apache.ant_1.10.5.v20180808-0324\lib\ant-launcher.jar;C:\Users\spencer.robertson\.p2\pool\plugins\org.apache.ant_1.10.5.v20180808-0324\lib\ant.jar;C:\Users\spencer.robertson\.p2\pool\plugins\org.apache.ant_1.10.5.v20180808-0324\lib\ant-junit.jar;C:\Users\spencer.robertson\.p2\pool\plugins\org.apache.ant_1.10.5.v20180808-0324\lib\ant-junit4.jar" />
    <property name="ant.library.dir" value="C:\Users\spencer.robertson\.p2\pool\plugins\org.apache.ant_1.10.5.v20180808-0324\lib" />
    <property name="os.arch" value="amd64" />
    <property name="eclipse.p2.profile" value="C__Users_spencer.robertson_eclipse_java-2018-09_eclipse" />
    <property name="env.OneDrive" value="C:\Users\spencer.robertson\OneDrive" />
    <property name="env.SESSIONNAME" value="Console" />
    <property name="sun.java.launcher" value="SUN_STANDARD" />
    <property name="org.eclipse.m2e.log.dir" value="C:\Users\spencer.robertson\eclipse-workspace\.metadata\.plugins\org.eclipse.m2e.logback.configuration" />
    <property name="org.osgi.framework.vendor" value="Eclipse" />
    <property name="env.CommonProgramFiles" value="C:\Program Files\Common Files" />
    <property name="osgi.tracefile" value="C:\Users\spencer.robertson\eclipse-workspace\.metadata\trace.log" />
    <property name="env.ProgramFiles" value="C:\Program Files" />
    <property name="ant.core.lib" value="C:\Users\spencer.robertson\eclipse\java-2018-09\eclipse\..\..\..\.p2\pool\plugins\org.apache.ant_1.10.5.v20180808-0324\lib\ant.jar" />
    <property name="java.vm.specification.vendor" value="Oracle Corporation" />
    <property name="oomph.update.url" value="http://download.eclipse.org/oomph/updates/milestone/latest" />
    <property name="file.separator" value="\" />
    <property name="java.runtime.version" value="1.8.0_181-b13" />
    <property name="sun.boot.class.path" value="C:\Program Files\Java\jre1.8.0_181\lib\resources.jar;C:\Program Files\Java\jre1.8.0_181\lib\rt.jar;C:\Program Files\Java\jre1.8.0_181\lib\sunrsasign.jar;C:\Program Files\Java\jre1.8.0_181\lib\jsse.jar;C:\Program Files\Java\jre1.8.0_181\lib\jce.jar;C:\Program Files\Java\jre1.8.0_181\lib\charsets.jar;C:\Program Files\Java\jre1.8.0_181\lib\jfr.jar;C:\Program Files\Java\jre1.8.0_181\classes" />
    <property name="env.ComSpec" value="C:\windows\system32\cmd.exe" />
    <property name="env.TEMP" value="C:\Users\SPENCE~1.ROB\AppData\Local\Temp" />
    <property name="osgi.frameworkClassPath" value="., file:C:/Users/spencer.robertson/.p2/pool/plugins/org.eclipse.osgi.compatibility.state_1.1.200.v20180827-1536.jar" />
    <property name="user.country" value="GB" />
    <property name="env.FPS_BROWSER_USER_PROFILE_STRING" value="Default" />
    <property name="osgi.logfile" value="C:\Users\spencer.robertson\eclipse-workspace\.metadata\.log" />
    <property name="eclipse.p2.max.threads" value="10" />
    <property name="env.ExtraPuTTY_MODE" value="DIR_MODE" />
    <property name="java.vendor" value="Oracle Corporation" />
    <property name="env.PSModulePath" value="C:\Program Files\WindowsPowerShell\Modules;C:\windows\system32\WindowsPowerShell\v1.0\Modules" />
    <property name="java.specification.version" value="1.8" />
    <property name="sun.arch.data.model" value="64" />
  </properties>
  <testcase classname="com.zircon.pharmacyApplicationTest.Prescription.Requirement_1_1_1" name="Should_AddOneItem_When_AddButtonIsPressed" time="0.002" />
  <testcase classname="com.zircon.pharmacyApplicationTest.Prescription.Requirement_1_1_1" name="Should_AddTwoItems_When_AddButtonIsPressed" time="0.0" />
  <testcase classname="com.zircon.pharmacyApplicationTest.Prescription.Requirement_1_1_2" name="Should_OnlyHaveOneItem_When_AddingTheSameItem" time="0.0" />
  <testcase classname="com.zircon.pharmacyApplicationTest.Prescription.Requirement_1_1_2" name="Should_OnlyHaveOneItem_When_AddingTheSameItemMultipleTimes" time="0.0" />
  <testcase classname="com.zircon.pharmacyApplicationTest.Prescription.Requirement_1_1_5" name="Should_NotRemoveItem_When_RemovingItemThatDoesNotExist" time="0.0" />
  <testcase classname="com.zircon.pharmacyApplicationTest.Prescription.Requirement_1_1_5" name="Should_RemoveOneItemFromListOfTwo_When_RemovingItem" time="0.0" />
  <testcase classname="com.zircon.pharmacyApplicationTest.Prescription.Requirement_1_1_5" name="Should_RemoveBothItemsFromListOfTwo_When_RemovingItem" time="0.0" />
  <testcase classname="com.zircon.pharmacyApplicationTest.Prescription.Requirement_1_1_5" name="SHould_RemoveOneItem_When_RemovingItem" time="0.001" />
  <testcase classname="com.zircon.pharmacyApplicationTest.Prescription.Requirement_1_1_6" name="Should_ClearTwoItems_When_ClearingItem" time="0.0" />
  <testcase classname="com.zircon.pharmacyApplicationTest.Prescription.Requirement_1_1_6" name="Should_ClearItem_When_ClearingItem" time="0.0" />
  <testcase classname="com.zircon.pharmacyApplicationTest.Prescription.Requirement_1_1_7" name="Should_ReturnNumberOfPrescriptionItemsOne_When_OneItem" time="0.0" />
  <testcase classname="com.zircon.pharmacyApplicationTest.Prescription.Requirement_1_1_7" name="Should_ReturnNumberOfPrescriptionItemsZero_When_ByDefault" time="0.0" />
  <testcase classname="com.zircon.pharmacyApplicationTest.Prescription.Requirement_1_1_7" name="Should_ReturnNumberOfPrescriptionItemsTwo_When_TwoItems" time="0.0" />
  <testcase classname="com.zircon.pharmacyApplicationTest.Prescription.Requirement_1_1_8" name="Should_ReturnNumberOfContainersItemsZero_When_ByDefault" time="0.0" />
  <testcase classname="com.zircon.pharmacyApplicationTest.Prescription.Requirement_1_1_8" name="Should_ReturnNumberOfContainersItemsTwo_When_TwoItems" time="0.0" />
  <testcase classname="com.zircon.pharmacyApplicationTest.Prescription.Requirement_1_1_8" name="Should_ReturnNumberOfContainersItemsOne_When_OneItem" time="0.0" />
  <testcase classname="com.zircon.pharmacyApplicationTest.Prescription.Requirement_1_1_9" name="Should_NotAddItem_With_NegativeDuration" time="0.0" />
  <testcase classname="com.zircon.pharmacyApplicationTest.Prescription.Requirement_1_1_9" name="Should_NotAddItem_With_ZeroDuration" time="0.0" />
  <testcase classname="com.zircon.pharmacyApplicationTest.Prescription.Requirement_1_1_10" name="Should_IncreaseDuration_When_AddingTheSamePrescriptionItem" time="0.001" />
  <testcase classname="com.zircon.pharmacyApplicationTest.Prescription.Requirement_1_1_10" name="Should_IncreaseDuration_When_AddingTheSamePrescriptionItemWithDifferentDuration" time="0.0" />
  <testcase classname="com.zircon.pharmacyApplicationTest.Prescription.Requirement_1_1_10" name="Should_KeepSameDuration_When_AddingTheSamePrescriptionItemWithNegativeDuration" time="0.0" />
  <testcase classname="com.zircon.pharmacyApplicationTest.Prescription.Requirement_1_1_10" name="Should_KeepSameDuration_When_AddingTheSamePrescriptionItemWithNoDuration" time="0.0" />
  <testcase classname="com.zircon.pharmacyApplicationTest.Prescription.Requirement_1_1_11" name="Should_ChangeDailyDose_When_AddingTheSamePrescriptionItemWithFirstItemDifferentDailyDose" time="0.0" />
  <testcase classname="com.zircon.pharmacyApplicationTest.Prescription.Requirement_1_1_11" name="Should_ChangeDailyDose_When_AddingTheSamePrescriptionItemWithSecondItemDifferentDailyDose" time="0.0" />
  <testcase classname="com.zircon.pharmacyApplicationTest.Prescription.Requirement_1_1_11" name="Should_NotChangeDailyDose_When_AddingTheSamePrescriptionItem" time="0.0" />
  <system-out><![CDATA[]]></system-out>
  <system-err><![CDATA[]]></system-err>
</testsuite>
